
16:07:50.570 [info] Loading 51 CA(s) from :otp store

16:07:52.348 id=0 [debug] handled request client -> server initialize in 1257ms

16:07:52.389 [debug] sent notification server -> client window/logMessage

16:07:52.392 [debug] handled notification client -> server textDocument/didOpen in 30ms

16:07:52.400 [debug] NextLS v0.23.4 has initialized!

16:07:52.400 [debug] sent notification server -> client window/logMessage

16:07:52.400 [debug] Log file located at e:/repo/elixir/mirror/.elixir-tools/next-ls.log

16:07:52.419 id=1 [debug] handled request client -> server textDocument/documentSymbol in 64ms

16:07:52.419 [debug] sent notification server -> client window/logMessage

16:07:52.419 [info] [extension] Credo initializing with options %NextLS.InitOpts.Extensions.Credo{enable: true, cli_options: []}

16:07:52.419 id=130 [debug] sent request server -> client client/registerCapability

16:07:52.686 id=2 [debug] handled request client -> server textDocument/codeAction in 303ms

16:07:52.717 id=3 [debug] handled request client -> server textDocument/documentSymbol in 58ms

16:07:53.133 [debug] handled notification client -> server $/cancelRequest in 21ms

16:07:53.362 [debug] handled notification client -> server $/cancelRequest in 205µs

16:07:53.992 [debug] handled notification client -> server $/cancelRequest in 205µs

16:07:54.703 id=7 [debug] handled request client -> server textDocument/codeAction in 204µs

16:07:56.352 id=8 [debug] handled request client -> server textDocument/codeAction in 410µs

16:07:56.999 [debug] sent notification server -> client window/logMessage

16:07:56.999 [debug] Booting runtimes...

16:07:57.028 id=3588 [debug] sent request server -> client window/workDoneProgress/create

16:07:57.045 [debug] sent notification server -> client $/progress

16:07:57.110 id=9 [debug] handled request client -> server textDocument/codeAction in 307µs

16:07:57.171 [debug] sent notification server -> client window/logMessage

16:07:57.171 [info] Beginning DB migration...

16:07:57.242 [debug] sent notification server -> client window/logMessage

16:07:57.242 [info] Database is being upgraded from version 0 to 7.

This will trigger a full recompilation in order to re-index your codebase.


16:07:57.245 [debug] sent notification server -> client window/logMessage

16:07:57.245 [info] Finished DB migration...

16:07:57.264 [error] ** (MatchError) no match of right hand side value: {:error, {:shutdown, {:failed_to_start_child, NextLS.Runtime, {:badarg, [{NextLS.Runtime, :init, 1, [file: ~c"lib/next_ls/runtime.ex", line: 131, error_info: %{cause: {1, :binary, :type, nil}, function: :format_bs_fail, module: :erl_erts_errors}]}, {:gen_server, :init_it, 2, [file: ~c"gen_server.erl", line: 2229]}, {:gen_server, :init_it, 6, [file: ~c"gen_server.erl", line: 2184]}, {:proc_lib, :init_p_do_apply, 3, [file: ~c"proc_lib.erl", line: 329]}]}}}}
    (next_ls 0.23.4) lib/next_ls.ex:907: anonymous fn/5 in NextLS.handle_notification/2
    (elixir 1.17.3) lib/enum.ex:2531: Enum."-reduce/3-lists^foldl/2-0-"/3
    (next_ls 0.23.4) lib/next_ls.ex:902: NextLS.handle_notification/2
    (gen_lsp 0.11.0) lib/gen_lsp.ex:528: anonymous fn/2 in GenLSP.loop/3
    (telemetry 1.3.0) /Users/runner/work/next-ls/next-ls/deps/telemetry/src/telemetry.erl:324: :telemetry.span/3
    (gen_lsp 0.11.0) lib/gen_lsp.ex:524: anonymous fn/4 in GenLSP.loop/3
    (gen_lsp 0.11.0) lib/gen_lsp.ex:601: anonymous fn/4 in GenLSP.attempt/4
    (elixir 1.17.3) lib/task/supervised.ex:101: Task.Supervised.invoke_mfa/2


16:07:57.264 [debug] sent notification server -> client window/logMessage

16:07:57.264 [warning] client -> server notification crashed

16:07:58.025 [debug] handled notification client -> server $/cancelRequest in 205µs

16:08:03.195 [debug] handled notification client -> server $/cancelRequest in 205µs

16:08:03.508 [debug] handled notification client -> server $/cancelRequest in 204µs

16:08:04.132 id=13 [debug] handled request client -> server textDocument/codeAction in 512µs

16:08:04.988 [debug] handled notification client -> server $/cancelRequest in 103µs

16:08:10.117 [debug] handled notification client -> server textDocument/didOpen in 512µs

16:08:10.123 id=15 [debug] handled request client -> server textDocument/codeAction in 205µs

16:08:10.125 id=16 [debug] handled request client -> server textDocument/documentSymbol in 1ms

16:08:10.132 [debug] handled notification client -> server textDocument/didClose in 27ms

16:08:10.373 id=17 [debug] handled request client -> server textDocument/codeAction in 205µs

16:08:10.426 id=18 [debug] handled request client -> server textDocument/documentSymbol in 1ms

16:09:10.474 [debug] handled notification client -> server textDocument/didClose in 205µs

16:18:00.279 [debug] handled notification client -> server workspace/didChangeWatchedFiles in 56ms

16:18:13.725 [debug] handled notification client -> server workspace/didChangeWatchedFiles in 307µs

16:18:20.032 [debug] handled notification client -> server workspace/didChangeWatchedFiles in 307µs

16:19:27.240 [debug] handled notification client -> server workspace/didChangeWatchedFiles in 307µs

16:19:55.117 [debug] handled notification client -> server workspace/didChangeWatchedFiles in 308µs

16:20:16.407 [debug] handled notification client -> server workspace/didChangeWatchedFiles in 205µs

16:20:51.014 [debug] handled notification client -> server workspace/didChangeWatchedFiles in 308µs

16:21:03.263 [debug] handled notification client -> server workspace/didChangeWatchedFiles in 308µs

16:21:09.106 [debug] handled notification client -> server workspace/didChangeWatchedFiles in 308µs

16:21:23.654 [debug] handled notification client -> server workspace/didChangeWatchedFiles in 204µs

16:21:34.413 [debug] handled notification client -> server workspace/didChangeWatchedFiles in 307µs

16:23:34.110 [debug] handled notification client -> server workspace/didChangeWatchedFiles in 205µs

16:24:19.923 [debug] handled notification client -> server workspace/didChangeWatchedFiles in 307µs

16:24:33.415 [debug] handled notification client -> server workspace/didChangeWatchedFiles in 205µs

16:25:56.221 [debug] handled notification client -> server workspace/didChangeWatchedFiles in 205µs

16:26:03.536 [debug] handled notification client -> server workspace/didChangeWatchedFiles in 205µs

16:26:12.356 [debug] handled notification client -> server workspace/didChangeWatchedFiles in 307µs

16:26:21.725 [debug] handled notification client -> server workspace/didChangeWatchedFiles in 205µs

16:26:29.584 [debug] handled notification client -> server workspace/didChangeWatchedFiles in 307µs

16:26:37.366 [debug] handled notification client -> server workspace/didChangeWatchedFiles in 205µs

16:26:44.729 [debug] handled notification client -> server workspace/didChangeWatchedFiles in 205µs

16:26:54.837 [debug] handled notification client -> server workspace/didChangeWatchedFiles in 205µs

16:27:08.283 [debug] handled notification client -> server workspace/didChangeWatchedFiles in 307µs

16:27:15.647 [debug] handled notification client -> server workspace/didChangeWatchedFiles in 205µs

16:27:23.160 [debug] handled notification client -> server workspace/didChangeWatchedFiles in 205µs

16:27:35.787 [debug] handled notification client -> server workspace/didChangeWatchedFiles in 205µs

16:30:18.455 [debug] handled notification client -> server workspace/didChangeWatchedFiles in 205µs

16:30:25.078 [debug] handled notification client -> server workspace/didChangeWatchedFiles in 205µs

16:30:55.439 [debug] handled notification client -> server workspace/didChangeWatchedFiles in 307µs

16:31:39.844 [debug] handled notification client -> server workspace/didChangeWatchedFiles in 307µs

16:31:48.521 [debug] handled notification client -> server workspace/didChangeWatchedFiles in 205µs

16:44:24.458 [debug] handled notification client -> server workspace/didChangeWatchedFiles in 410µs

16:44:27.758 [debug] handled notification client -> server workspace/didChangeWatchedFiles in 308µs

16:44:43.548 [debug] handled notification client -> server workspace/didChangeWatchedFiles in 512µs

16:47:23.526 [debug] handled notification client -> server workspace/didChangeWatchedFiles in 307µs

16:47:28.839 [debug] handled notification client -> server workspace/didChangeWatchedFiles in 307µs

16:56:54.106 [debug] handled notification client -> server workspace/didChangeWatchedFiles in 410µs

16:57:02.102 [debug] handled notification client -> server workspace/didChangeWatchedFiles in 512µs

16:59:17.050 [debug] handled notification client -> server workspace/didChangeWatchedFiles in 410µs

17:00:54.926 [debug] handled notification client -> server workspace/didChangeWatchedFiles in 307µs

17:04:21.228 [debug] handled notification client -> server workspace/didChangeWatchedFiles in 409µs

17:13:18.423 [debug] handled notification client -> server workspace/didChangeWatchedFiles in 512µs

17:13:25.785 [debug] handled notification client -> server workspace/didChangeWatchedFiles in 205µs

17:16:30.993 [debug] handled notification client -> server workspace/didChangeWatchedFiles in 308µs

17:25:47.307 [debug] handled notification client -> server workspace/didChangeWatchedFiles in 308µs

17:26:13.314 [debug] handled notification client -> server workspace/didChangeWatchedFiles in 409µs

17:26:22.111 [debug] handled notification client -> server workspace/didChangeWatchedFiles in 204µs

17:26:28.352 [debug] handled notification client -> server workspace/didChangeWatchedFiles in 410µs

17:26:35.832 [debug] handled notification client -> server workspace/didChangeWatchedFiles in 307µs

17:26:48.099 [debug] handled notification client -> server workspace/didChangeWatchedFiles in 409µs

17:27:04.085 [debug] handled notification client -> server workspace/didChangeWatchedFiles in 205µs

17:27:43.309 [debug] handled notification client -> server workspace/didChangeWatchedFiles in 204µs

17:35:30.955 [debug] handled notification client -> server workspace/didChangeWatchedFiles in 409µs

17:35:44.357 [debug] handled notification client -> server workspace/didChangeWatchedFiles in 410µs

17:35:58.588 [debug] handled notification client -> server workspace/didChangeWatchedFiles in 409µs

17:36:54.636 [debug] handled notification client -> server workspace/didChangeWatchedFiles in 717µs

17:37:04.512 [debug] handled notification client -> server workspace/didChangeWatchedFiles in 410µs

17:37:31.917 [debug] handled notification client -> server workspace/didChangeWatchedFiles in 307µs

17:38:14.364 [debug] handled notification client -> server workspace/didChangeWatchedFiles in 409µs

17:46:24.953 [debug] handled notification client -> server workspace/didChangeWatchedFiles in 205µs

17:46:37.538 [debug] handled notification client -> server workspace/didChangeWatchedFiles in 307µs

17:46:47.476 [debug] handled notification client -> server workspace/didChangeWatchedFiles in 512µs

17:46:54.357 [debug] handled notification client -> server workspace/didChangeWatchedFiles in 307µs

17:47:04.344 [debug] handled notification client -> server workspace/didChangeWatchedFiles in 204µs

17:47:11.466 [debug] handled notification client -> server workspace/didChangeWatchedFiles in 308µs

17:47:31.578 [debug] handled notification client -> server workspace/didChangeWatchedFiles in 307µs

17:50:53.431 [debug] handled notification client -> server workspace/didChangeWatchedFiles in 307µs

17:51:01.010 [debug] handled notification client -> server workspace/didChangeWatchedFiles in 410µs

18:18:00.454 [debug] handled notification client -> server workspace/didChangeWatchedFiles in 410µs

18:18:14.506 [debug] handled notification client -> server workspace/didChangeWatchedFiles in 308µs

18:18:38.457 [debug] handled notification client -> server workspace/didChangeWatchedFiles in 205µs

18:18:52.751 [debug] handled notification client -> server workspace/didChangeWatchedFiles in 307µs

18:19:10.282 [debug] handled notification client -> server workspace/didChangeWatchedFiles in 512µs

18:19:38.273 [debug] handled notification client -> server workspace/didChangeWatchedFiles in 307µs

18:20:12.347 [debug] handled notification client -> server workspace/didChangeWatchedFiles in 205µs

18:20:31.024 [debug] handled notification client -> server workspace/didChangeWatchedFiles in 307µs

18:21:13.292 [debug] handled notification client -> server workspace/didChangeWatchedFiles in 205µs

18:21:20.550 [debug] handled notification client -> server workspace/didChangeWatchedFiles in 307µs

18:56:52.224 [debug] handled notification client -> server workspace/didChangeWatchedFiles in 307µs

19:16:22.233 [debug] handled notification client -> server workspace/didChangeWatchedFiles in 307µs

19:16:30.028 [debug] handled notification client -> server workspace/didChangeWatchedFiles in 307µs

19:17:42.038 [debug] handled notification client -> server workspace/didChangeWatchedFiles in 307µs

19:19:05.661 [debug] handled notification client -> server workspace/didChangeWatchedFiles in 205µs

19:19:35.371 [debug] handled notification client -> server workspace/didChangeWatchedFiles in 307µs

21:12:28.388 [debug] handled notification client -> server workspace/didChangeWatchedFiles in 308µs

21:12:46.744 [debug] handled notification client -> server workspace/didChangeWatchedFiles in 307µs

21:14:12.212 [debug] handled notification client -> server $/setTrace in 23ms

21:36:46.627 [debug] handled notification client -> server textDocument/didOpen in 512µs

21:36:46.664 id=19 [debug] handled request client -> server textDocument/codeAction in 308µs

21:36:46.674 id=20 [debug] handled request client -> server textDocument/documentSymbol in 9ms

21:36:46.975 id=21 [debug] handled request client -> server textDocument/documentSymbol in 9ms

21:37:55.903 id=22 [debug] handled request client -> server textDocument/codeAction in 410µs

21:37:56.214 id=23 [debug] handled request client -> server textDocument/documentSymbol in 9ms

21:37:57.674 [debug] handled notification client -> server textDocument/didClose in 102µs

21:49:56.222 [debug] handled notification client -> server workspace/didChangeWatchedFiles in 308µs

21:50:04.036 [debug] handled notification client -> server workspace/didChangeWatchedFiles in 205µs

21:50:34.220 [debug] handled notification client -> server workspace/didChangeWatchedFiles in 308µs

21:50:44.216 [debug] handled notification client -> server workspace/didChangeWatchedFiles in 205µs

21:50:55.098 [debug] handled notification client -> server workspace/didChangeWatchedFiles in 205µs

21:51:04.000 [debug] handled notification client -> server workspace/didChangeWatchedFiles in 512µs

21:51:13.744 [debug] handled notification client -> server workspace/didChangeWatchedFiles in 205µs

21:51:23.364 [debug] handled notification client -> server workspace/didChangeWatchedFiles in 205µs

21:51:54.426 [debug] handled notification client -> server workspace/didChangeWatchedFiles in 307µs

21:51:59.809 [debug] handled notification client -> server workspace/didChangeWatchedFiles in 410µs

21:53:03.184 [debug] handled notification client -> server workspace/didChangeWatchedFiles in 205µs

21:53:37.395 [debug] handled notification client -> server workspace/didChangeWatchedFiles in 307µs

21:53:42.529 [debug] handled notification client -> server workspace/didChangeWatchedFiles in 307µs

21:55:02.437 [debug] handled notification client -> server workspace/didChangeWatchedFiles in 308µs

21:56:37.838 [debug] handled notification client -> server workspace/didChangeWatchedFiles in 614µs

10:18:03.641 [debug] handled notification client -> server workspace/didChangeWatchedFiles in 410µs

10:18:11.204 [debug] handled notification client -> server workspace/didChangeWatchedFiles in 205µs

10:18:15.062 [debug] handled notification client -> server workspace/didChangeWatchedFiles in 307µs

10:18:26.137 [debug] handled notification client -> server workspace/didChangeWatchedFiles in 308µs

10:19:34.374 [debug] handled notification client -> server workspace/didChangeWatchedFiles in 205µs

10:19:41.160 [debug] handled notification client -> server workspace/didChangeWatchedFiles in 307µs

10:19:49.314 [debug] handled notification client -> server workspace/didChangeWatchedFiles in 205µs

10:20:18.616 [debug] handled notification client -> server workspace/didChangeWatchedFiles in 308µs

10:20:38.905 [debug] handled notification client -> server workspace/didChangeWatchedFiles in 205µs

10:20:48.183 [debug] handled notification client -> server workspace/didChangeWatchedFiles in 307µs

10:22:16.784 [debug] handled notification client -> server workspace/didChangeWatchedFiles in 410µs

10:22:22.199 [debug] handled notification client -> server workspace/didChangeWatchedFiles in 205µs

11:11:53.433 [info] Loading 51 CA(s) from :otp store

11:11:54.887 id=0 [debug] handled request client -> server initialize in 1033ms

11:11:54.916 [debug] sent notification server -> client window/logMessage

11:11:54.931 [debug] NextLS v0.23.4 has initialized!

11:11:54.931 [debug] sent notification server -> client window/logMessage

11:11:54.931 [debug] Log file located at e:/repo/elixir/mirror/.elixir-tools/next-ls.log

11:11:54.947 [debug] sent notification server -> client window/logMessage

11:11:54.947 [info] [extension] Credo initializing with options %NextLS.InitOpts.Extensions.Credo{enable: true, cli_options: []}

11:11:54.947 id=4 [debug] sent request server -> client client/registerCapability

11:11:59.867 [debug] sent notification server -> client window/logMessage

11:11:59.867 [debug] Booting runtimes...

11:11:59.886 id=3523 [debug] sent request server -> client window/workDoneProgress/create

11:11:59.911 [debug] sent notification server -> client $/progress

11:12:00.042 [debug] sent notification server -> client window/logMessage

11:12:00.042 [info] Beginning DB migration...

11:12:00.108 [debug] sent notification server -> client window/logMessage

11:12:00.108 [info] Database is on the latest version: 7

11:12:00.108 [debug] sent notification server -> client window/logMessage

11:12:00.108 [info] Finished DB migration...

11:12:00.124 [error] ** (MatchError) no match of right hand side value: {:error, {:shutdown, {:failed_to_start_child, NextLS.Runtime, {:badarg, [{NextLS.Runtime, :init, 1, [file: ~c"lib/next_ls/runtime.ex", line: 131, error_info: %{cause: {1, :binary, :type, nil}, function: :format_bs_fail, module: :erl_erts_errors}]}, {:gen_server, :init_it, 2, [file: ~c"gen_server.erl", line: 2229]}, {:gen_server, :init_it, 6, [file: ~c"gen_server.erl", line: 2184]}, {:proc_lib, :init_p_do_apply, 3, [file: ~c"proc_lib.erl", line: 329]}]}}}}
    (next_ls 0.23.4) lib/next_ls.ex:907: anonymous fn/5 in NextLS.handle_notification/2
    (elixir 1.17.3) lib/enum.ex:2531: Enum."-reduce/3-lists^foldl/2-0-"/3
    (next_ls 0.23.4) lib/next_ls.ex:902: NextLS.handle_notification/2
    (gen_lsp 0.11.0) lib/gen_lsp.ex:528: anonymous fn/2 in GenLSP.loop/3
    (telemetry 1.3.0) /Users/runner/work/next-ls/next-ls/deps/telemetry/src/telemetry.erl:324: :telemetry.span/3
    (gen_lsp 0.11.0) lib/gen_lsp.ex:524: anonymous fn/4 in GenLSP.loop/3
    (gen_lsp 0.11.0) lib/gen_lsp.ex:601: anonymous fn/4 in GenLSP.attempt/4
    (elixir 1.17.3) lib/task/supervised.ex:101: Task.Supervised.invoke_mfa/2


11:12:00.124 [debug] sent notification server -> client window/logMessage

11:12:00.124 [warning] client -> server notification crashed

11:13:40.666 [debug] handled notification client -> server $/setTrace in 24ms

11:13:40.669 [debug] handled notification client -> server $/setTrace in 102µs

11:14:00.364 [debug] handled notification client -> server workspace/didChangeWorkspaceFolders in 47ms

11:24:01.305 [debug] handled notification client -> server workspace/didChangeWatchedFiles in 58ms

11:24:10.425 [debug] handled notification client -> server workspace/didChangeWatchedFiles in 307µs

11:24:27.153 [debug] handled notification client -> server workspace/didChangeWatchedFiles in 307µs

11:25:21.960 [debug] handled notification client -> server workspace/didChangeWatchedFiles in 307µs

11:26:17.290 [debug] handled notification client -> server workspace/didChangeWatchedFiles in 307µs

11:26:54.517 [debug] handled notification client -> server workspace/didChangeWatchedFiles in 307µs

11:27:10.887 [debug] handled notification client -> server workspace/didChangeWatchedFiles in 308µs

11:27:16.513 [debug] handled notification client -> server workspace/didChangeWatchedFiles in 409µs

11:27:21.639 [debug] handled notification client -> server workspace/didChangeWatchedFiles in 308µs

11:28:13.173 [debug] handled notification client -> server workspace/didChangeWatchedFiles in 307µs

11:28:27.206 [debug] handled notification client -> server workspace/didChangeWatchedFiles in 307µs

11:28:37.256 [debug] handled notification client -> server workspace/didChangeWatchedFiles in 205µs

11:28:45.374 [debug] handled notification client -> server workspace/didChangeWatchedFiles in 205µs

11:29:25.993 [debug] handled notification client -> server workspace/didChangeWatchedFiles in 204µs

11:29:36.798 [debug] handled notification client -> server workspace/didChangeWatchedFiles in 205µs

11:31:06.880 [debug] handled notification client -> server workspace/didChangeWatchedFiles in 307µs

11:31:27.124 [debug] handled notification client -> server workspace/didChangeWatchedFiles in 307µs

11:32:39.023 [debug] handled notification client -> server workspace/didChangeWatchedFiles in 205µs

11:33:05.102 [debug] handled notification client -> server workspace/didChangeWatchedFiles in 205µs

11:33:22.748 [debug] handled notification client -> server workspace/didChangeWatchedFiles in 410µs

11:33:30.532 [debug] handled notification client -> server workspace/didChangeWatchedFiles in 205µs

11:33:38.330 [debug] handled notification client -> server workspace/didChangeWatchedFiles in 204µs

11:33:46.446 [debug] handled notification client -> server workspace/didChangeWatchedFiles in 204µs

11:34:05.752 [debug] handled notification client -> server workspace/didChangeWatchedFiles in 307µs

11:34:31.289 [debug] handled notification client -> server workspace/didChangeWatchedFiles in 205µs

11:34:37.096 [debug] handled notification client -> server workspace/didChangeWatchedFiles in 204µs

11:35:17.933 [debug] handled notification client -> server workspace/didChangeWatchedFiles in 205µs

11:35:24.125 [debug] handled notification client -> server workspace/didChangeWatchedFiles in 205µs

11:35:28.360 [debug] handled notification client -> server workspace/didChangeWatchedFiles in 307µs

11:35:34.404 [debug] handled notification client -> server workspace/didChangeWatchedFiles in 204µs

11:35:39.226 [debug] handled notification client -> server workspace/didChangeWatchedFiles in 410µs

11:43:58.603 [debug] handled notification client -> server workspace/didChangeWatchedFiles in 512µs

11:44:09.673 [debug] handled notification client -> server workspace/didChangeWatchedFiles in 307µs

11:44:15.305 [debug] handled notification client -> server workspace/didChangeWatchedFiles in 308µs

11:44:23.100 [debug] handled notification client -> server workspace/didChangeWatchedFiles in 307µs

11:44:31.682 [debug] handled notification client -> server workspace/didChangeWatchedFiles in 205µs

11:44:44.696 [debug] handled notification client -> server workspace/didChangeWatchedFiles in 205µs

11:45:04.481 [debug] handled notification client -> server workspace/didChangeWatchedFiles in 308µs

11:45:12.937 [debug] handled notification client -> server workspace/didChangeWatchedFiles in 307µs

11:45:25.124 [debug] handled notification client -> server workspace/didChangeWatchedFiles in 410µs

11:45:38.622 [debug] handled notification client -> server workspace/didChangeWatchedFiles in 205µs

11:45:48.076 [debug] handled notification client -> server workspace/didChangeWatchedFiles in 307µs

11:45:55.231 [debug] handled notification client -> server workspace/didChangeWatchedFiles in 615µs

11:46:05.864 [debug] handled notification client -> server workspace/didChangeWatchedFiles in 307µs

11:51:45.333 [debug] handled notification client -> server workspace/didChangeWatchedFiles in 409µs

11:51:59.078 [debug] handled notification client -> server workspace/didChangeWatchedFiles in 205µs

11:52:27.032 [debug] handled notification client -> server workspace/didChangeWatchedFiles in 308µs

11:52:32.256 [debug] handled notification client -> server workspace/didChangeWatchedFiles in 205µs

12:42:15.432 [debug] handled notification client -> server workspace/didChangeWatchedFiles in 410µs

14:11:25.531 [debug] handled notification client -> server workspace/didChangeWatchedFiles in 410µs

14:11:32.932 [debug] handled notification client -> server workspace/didChangeWatchedFiles in 205µs

14:11:44.008 [debug] handled notification client -> server workspace/didChangeWatchedFiles in 307µs

14:12:23.166 [debug] handled notification client -> server workspace/didChangeWatchedFiles in 205µs

14:12:44.466 [debug] handled notification client -> server workspace/didChangeWatchedFiles in 410µs

14:12:52.111 [debug] handled notification client -> server workspace/didChangeWatchedFiles in 307µs

14:12:56.286 [debug] handled notification client -> server workspace/didChangeWatchedFiles in 307µs

14:13:06.663 [debug] handled notification client -> server workspace/didChangeWatchedFiles in 307µs

14:29:23.098 [debug] handled notification client -> server workspace/didChangeWatchedFiles in 307µs

14:29:23.373 [debug] handled notification client -> server workspace/didChangeWatchedFiles in 410µs

14:29:39.006 [debug] handled notification client -> server workspace/didChangeWatchedFiles in 205µs

14:29:56.727 [debug] handled notification client -> server workspace/didChangeWatchedFiles in 205µs

14:30:09.122 [debug] handled notification client -> server workspace/didChangeWatchedFiles in 307µs

14:30:20.349 [debug] handled notification client -> server workspace/didChangeWatchedFiles in 307µs

14:30:26.594 [debug] handled notification client -> server workspace/didChangeWatchedFiles in 307µs

14:30:39.414 [debug] handled notification client -> server workspace/didChangeWatchedFiles in 205µs

14:33:14.478 [debug] handled notification client -> server workspace/didChangeWatchedFiles in 410µs

14:33:14.744 [debug] handled notification client -> server workspace/didChangeWatchedFiles in 205µs

14:33:51.571 [debug] handled notification client -> server workspace/didChangeWatchedFiles in 308µs

14:37:45.889 [debug] handled notification client -> server workspace/didChangeWatchedFiles in 410µs

14:38:44.811 [debug] handled notification client -> server workspace/didChangeWatchedFiles in 307µs

14:38:45.085 [debug] handled notification client -> server workspace/didChangeWatchedFiles in 205µs

14:38:52.914 [debug] handled notification client -> server workspace/didChangeWatchedFiles in 307µs

14:39:00.399 [debug] handled notification client -> server workspace/didChangeWatchedFiles in 205µs

14:40:01.194 [debug] handled notification client -> server workspace/didChangeWatchedFiles in 308µs

14:41:57.297 [debug] handled notification client -> server workspace/didChangeWatchedFiles in 307µs

14:42:08.024 [debug] handled notification client -> server workspace/didChangeWatchedFiles in 205µs

14:50:46.636 [debug] handled notification client -> server workspace/didChangeWatchedFiles in 410µs

14:50:46.905 [debug] handled notification client -> server workspace/didChangeWatchedFiles in 307µs

14:50:55.537 [debug] handled notification client -> server workspace/didChangeWatchedFiles in 410µs

14:51:06.088 [debug] handled notification client -> server workspace/didChangeWatchedFiles in 204µs

14:51:14.089 [debug] handled notification client -> server workspace/didChangeWatchedFiles in 307µs

14:51:22.537 [debug] handled notification client -> server workspace/didChangeWatchedFiles in 205µs

14:51:35.957 [debug] handled notification client -> server workspace/didChangeWatchedFiles in 205µs

14:51:45.612 [debug] handled notification client -> server workspace/didChangeWatchedFiles in 205µs

14:57:27.145 [debug] handled notification client -> server workspace/didChangeWatchedFiles in 512µs

14:57:34.189 [debug] handled notification client -> server workspace/didChangeWatchedFiles in 409µs

14:57:42.104 [debug] handled notification client -> server workspace/didChangeWatchedFiles in 307µs

14:58:28.209 [debug] handled notification client -> server workspace/didChangeWatchedFiles in 307µs

14:58:35.572 [debug] handled notification client -> server workspace/didChangeWatchedFiles in 205µs

15:27:45.610 [debug] handled notification client -> server workspace/didChangeWatchedFiles in 410µs

15:27:49.749 [debug] handled notification client -> server workspace/didChangeWatchedFiles in 307µs

15:27:58.255 [debug] handled notification client -> server workspace/didChangeWatchedFiles in 307µs

15:28:02.852 [debug] handled notification client -> server workspace/didChangeWatchedFiles in 205µs

15:28:11.682 [debug] handled notification client -> server workspace/didChangeWatchedFiles in 307µs

15:28:18.008 [debug] handled notification client -> server workspace/didChangeWatchedFiles in 307µs

18:48:01.976 [debug] handled notification client -> server workspace/didChangeWatchedFiles in 307µs

20:37:38.006 [info] Loading 51 CA(s) from :otp store

20:37:39.471 id=0 [debug] handled request client -> server initialize in 1024ms

20:37:39.514 [debug] sent notification server -> client window/logMessage

20:37:39.527 [debug] NextLS v0.23.4 has initialized!

20:37:39.527 [debug] sent notification server -> client window/logMessage

20:37:39.528 [debug] Log file located at e:/repo/elixir/mirror/.elixir-tools/next-ls.log

20:37:39.551 [debug] sent notification server -> client window/logMessage

20:37:39.551 id=3656 [debug] sent request server -> client client/registerCapability

20:37:39.551 [info] [extension] Credo initializing with options %NextLS.InitOpts.Extensions.Credo{enable: true, cli_options: []}

20:37:44.712 [debug] sent notification server -> client window/logMessage

20:37:44.712 [debug] Booting runtimes...

20:37:44.737 id=19 [debug] sent request server -> client window/workDoneProgress/create

20:37:44.749 [debug] sent notification server -> client $/progress

20:37:44.900 [debug] sent notification server -> client window/logMessage

20:37:44.900 [info] Beginning DB migration...

20:37:44.965 [debug] sent notification server -> client window/logMessage

20:37:44.965 [info] Database is on the latest version: 7

20:37:44.965 [debug] sent notification server -> client window/logMessage

20:37:44.965 [info] Finished DB migration...

20:37:44.988 [error] ** (MatchError) no match of right hand side value: {:error, {:shutdown, {:failed_to_start_child, NextLS.Runtime, {:badarg, [{NextLS.Runtime, :init, 1, [file: ~c"lib/next_ls/runtime.ex", line: 131, error_info: %{cause: {1, :binary, :type, nil}, function: :format_bs_fail, module: :erl_erts_errors}]}, {:gen_server, :init_it, 2, [file: ~c"gen_server.erl", line: 2229]}, {:gen_server, :init_it, 6, [file: ~c"gen_server.erl", line: 2184]}, {:proc_lib, :init_p_do_apply, 3, [file: ~c"proc_lib.erl", line: 329]}]}}}}
    (next_ls 0.23.4) lib/next_ls.ex:907: anonymous fn/5 in NextLS.handle_notification/2
    (elixir 1.17.3) lib/enum.ex:2531: Enum."-reduce/3-lists^foldl/2-0-"/3
    (next_ls 0.23.4) lib/next_ls.ex:902: NextLS.handle_notification/2
    (gen_lsp 0.11.0) lib/gen_lsp.ex:528: anonymous fn/2 in GenLSP.loop/3
    (telemetry 1.3.0) /Users/runner/work/next-ls/next-ls/deps/telemetry/src/telemetry.erl:324: :telemetry.span/3
    (gen_lsp 0.11.0) lib/gen_lsp.ex:524: anonymous fn/4 in GenLSP.loop/3
    (gen_lsp 0.11.0) lib/gen_lsp.ex:601: anonymous fn/4 in GenLSP.attempt/4
    (elixir 1.17.3) lib/task/supervised.ex:101: Task.Supervised.invoke_mfa/2


20:37:44.988 [debug] sent notification server -> client window/logMessage

20:37:44.988 [warning] client -> server notification crashed

20:37:50.008 [debug] handled notification client -> server $/setTrace in 19ms

11:05:54.291 [info] Loading 52 CA(s) from :otp store

11:05:54.522 id=0 [debug] handled request client -> server initialize in 93ms

11:05:54.530 [debug] sent notification server -> client window/logMessage

11:05:54.534 [debug] NextLS v0.23.4 has initialized!

11:05:54.534 [debug] sent notification server -> client window/logMessage

11:05:54.534 [debug] Log file located at e:/repo/elixir/mirror/.elixir-tools/next-ls.log

11:05:54.537 [debug] handled notification client -> server textDocument/didOpen in 5ms

11:05:54.537 [debug] sent notification server -> client window/logMessage

11:05:54.537 [info] [extension] Credo initializing with options %NextLS.InitOpts.Extensions.Credo{enable: true, cli_options: []}

11:05:54.537 id=3526 [debug] sent request server -> client client/registerCapability

11:05:54.561 id=1 [debug] handled request client -> server textDocument/documentSymbol in 29ms

11:05:54.828 id=2 [debug] handled request client -> server textDocument/codeAction in 291ms

11:05:54.836 id=3 [debug] handled request client -> server textDocument/documentSymbol in 4ms

11:05:55.122 [debug] handled notification client -> server $/cancelRequest in 19ms

11:05:56.890 [debug] sent notification server -> client window/logMessage

11:05:56.890 [debug] Booting runtimes...

11:05:56.896 id=3654 [debug] sent request server -> client window/workDoneProgress/create

11:05:56.901 [debug] sent notification server -> client $/progress

11:05:56.921 [debug] sent notification server -> client window/logMessage

11:05:56.921 [info] Beginning DB migration...

11:05:56.931 [debug] sent notification server -> client window/logMessage

11:05:56.931 [info] Database is on the latest version: 7

11:05:56.931 [debug] sent notification server -> client window/logMessage

11:05:56.931 [info] Finished DB migration...

11:05:56.937 [error] ** (MatchError) no match of right hand side value: {:error, {:shutdown, {:failed_to_start_child, NextLS.Runtime, {:badarg, [{NextLS.Runtime, :init, 1, [file: ~c"lib/next_ls/runtime.ex", line: 131, error_info: %{cause: {1, :binary, :type, nil}, function: :format_bs_fail, module: :erl_erts_errors}]}, {:gen_server, :init_it, 2, [file: ~c"gen_server.erl", line: 2229]}, {:gen_server, :init_it, 6, [file: ~c"gen_server.erl", line: 2184]}, {:proc_lib, :init_p_do_apply, 3, [file: ~c"proc_lib.erl", line: 329]}]}}}}
    (next_ls 0.23.4) lib/next_ls.ex:907: anonymous fn/5 in NextLS.handle_notification/2
    (elixir 1.17.3) lib/enum.ex:2531: Enum."-reduce/3-lists^foldl/2-0-"/3
    (next_ls 0.23.4) lib/next_ls.ex:902: NextLS.handle_notification/2
    (gen_lsp 0.11.0) lib/gen_lsp.ex:528: anonymous fn/2 in GenLSP.loop/3
    (telemetry 1.3.0) /Users/runner/work/next-ls/next-ls/deps/telemetry/src/telemetry.erl:324: :telemetry.span/3
    (gen_lsp 0.11.0) lib/gen_lsp.ex:524: anonymous fn/4 in GenLSP.loop/3
    (gen_lsp 0.11.0) lib/gen_lsp.ex:601: anonymous fn/4 in GenLSP.attempt/4
    (elixir 1.17.3) lib/task/supervised.ex:101: Task.Supervised.invoke_mfa/2


11:05:56.937 [debug] sent notification server -> client window/logMessage

11:05:56.937 [warning] client -> server notification crashed

11:06:05.628 [debug] handled notification client -> server textDocument/didClose in 3ms

17:48:30.792 [debug] handled notification client -> server $/setTrace in 19ms

17:48:32.087 [debug] handled notification client -> server $/setTrace in 102µs

17:48:45.301 [debug] handled notification client -> server workspace/didChangeWatchedFiles in 1082ms

17:48:47.386 [debug] handled notification client -> server workspace/didChangeWatchedFiles in 409µs

17:49:07.086 [debug] handled notification client -> server workspace/didChangeWatchedFiles in 307µs

17:58:42.058 [debug] handled notification client -> server workspace/didChangeWatchedFiles in 512µs

17:59:14.005 [debug] handled notification client -> server workspace/didChangeWatchedFiles in 307µs

18:11:38.302 [debug] handled notification client -> server workspace/didChangeWatchedFiles in 410µs

18:11:38.554 [debug] handled notification client -> server workspace/didChangeWatchedFiles in 205µs
